app/mapping.txt
com.jajale.watch.AppConstants -> com.jajale.watch.AppConstants:
    java.lang.String QINIU_MEDIA_DOMAIN -> a
    java.lang.String QINIU_IMG_DOMAIN -> b
    java.lang.String SEND_MESSAGE -> c
    java.lang.String DADI_PHONE -> d
    java.lang.String DADI_NET -> e
    java.lang.String MODULE_INSURANCE_CONTROL -> f
    java.lang.String MODULE_INSURANCE -> g
    java.lang.String MODULE_EDUCATION_BOOK -> h
    java.lang.String INSURACNE_IS_EXIST_DOMAIN -> i
    java.lang.String INSURANCE_CHECK_STATUS -> j
    java.lang.String INSURANCE_INSERT -> k
    java.lang.String EDUCATION_BOOK_LIST -> l
    java.lang.String UNICOM_AGREEMENT -> m
com.jajale.watch.BaseActivity -> com.jajale.watch.BaseActivity:
    boolean isDismiss -> j
    java.util.Timer timer -> k
    void <init>() -> <init>
    void onCreate(android.os.Bundle) -> onCreate
    void onStop() -> onStop
    void onDestroy() -> onDestroy
    void onResume() -> onResume
    void onPause() -> onPause
    boolean isApplicationSentToBackground() -> g
    void setCountDownToDismissDialog(com.jajale.watch.utils.LoadingDialog) -> a
    void onSaveInstanceState(android.os.Bundle) -> onSaveInstanceState
    void onRestoreInstanceState(android.os.Bundle) -> onRestoreInstanceState
    double parseDouble(java.lang.String) -> a
    void startMyActivity(java.lang.Class) -> a
    void startMyActivity(java.lang.Class,android.os.Bundle) -> a
com.jajale.watch.BaseActivity$1 -> com.jajale.watch.BaseActivity$1:
    com.jajale.watch.BaseActivity this$0 -> a
    void <init>(com.jajale.watch.BaseActivity) -> <init>
    void run() -> run
com.jajale.watch.BaseActivity$2 -> com.jajale.watch.BaseActivity$2:
    com.jajale.watch.BaseActivity this$0 -> a
    void <init>(com.jajale.watch.BaseActivity) -> <init>
    void run() -> run
com.jajale.watch.BaseActivity$3 -> com.jajale.watch.BaseActivity$3:
    com.jajale.watch.utils.LoadingDialog val$loadingDialog -> a
    com.jajale.watch.BaseActivity this$0 -> b
    void <init>(com.jajale.watch.BaseActivity,com.jajale.watch.utils.LoadingDialog) -> <init>
    void run() -> run
com.jajale.watch.BaseApplication -> com.jajale.watch.BaseApplication:
    android.content.Context mContext -> b
    com.jajale.watch.entitydb.User mUserInfo -> c
    com.jajale.watch.activity.HomeActivity mHomeActivity -> d
    com.jajale.watch.dao.SqliteHelper mSqliteHelper -> e
    com.amap.api.location.AMapLocationClient mapClient -> a
    com.amap.api.location.AMapLocationClientOption options -> f
    void <init>() -> <init>
    void onCreate() -> onCreate
    android.content.Context getContext() -> a
    com.jajale.watch.dao.SqliteHelper getBaseHelper() -> b
    void setBaseHelper(com.jajale.watch.dao.SqliteHelper) -> a
    void initLocationOptions() -> e
    void onLocationChanged(com.amap.api.location.AMapLocation) -> onLocationChanged
    com.jajale.watch.entitydb.User getUserInfo() -> c
    void setUserInfo(com.jajale.watch.entitydb.User) -> a
    com.jajale.watch.activity.HomeActivity getHomeActivity() -> d
    void setHomeActivity(com.jajale.watch.activity.HomeActivity) -> a
com.jajale.watch.BaseApplication$1 -> com.jajale.watch.BaseApplication$1:
    com.jajale.watch.BaseApplication this$0 -> a
    void <init>(com.jajale.watch.BaseApplication) -> <init>
    void run() -> run
com.jajale.watch.BaseHasEditTextActivity -> com.jajale.watch.BaseHasEditTextActivity:
    void <init>() -> <init>
    void onResume() -> onResume
com.jajale.watch.BaseWatchOrderActivity -> com.jajale.watch.BaseWatchOrderActivity:
    java.lang.String TAG -> l
    android.content.BroadcastReceiver receiver -> n
    com.jajale.watch.utils.LoadingDialog loadingDialog -> m
    void <init>() -> <init>
    void onStart() -> onStart
    void onCreate(android.os.Bundle) -> onCreate
    void onStop() -> onStop
    void onDestroy() -> onDestroy
...
com.qiniu.android.storage.KeyGenerator -> com.qiniu.android.storage.KeyGenerator:
    java.lang.String gen(java.lang.String,java.io.File) -> a
com.qiniu.android.storage.Recorder -> com.qiniu.android.storage.Recorder:
    void set(java.lang.String,byte[]) -> a
    byte[] get(java.lang.String) -> a
    void del(java.lang.String) -> b
com.qiniu.android.storage.ResumeUploader -> com.qiniu.android.storage.ResumeUploader:
    int size -> a
    java.lang.String key -> b
    com.qiniu.android.storage.UpCompletionHandler completionHandler -> c
    com.qiniu.android.storage.UploadOptions options -> d
    com.qiniu.android.http.HttpManager httpManager -> e
    com.qiniu.android.storage.Recorder recorder -> f
    byte[] chunkBuffer -> g
    java.lang.String[] contexts -> h
    org.apache.http.Header[] headers -> i
    long modifyTime -> j
    java.lang.String recorderKey -> k
    java.io.RandomAccessFile file -> l
    java.io.File f -> m
    long crc32 -> n
    void <init>(com.qiniu.android.http.HttpManager,com.qiniu.android.storage.Recorder,java.io.File,java.lang.String,java.lang.String,com.qiniu.android.storage.UpCompletionHandler,com.qiniu.android.storage.UploadOptions,java.lang.String) -> <init>
    void run() -> run
    void makeBlock(java.lang.String,int,int,int,com.qiniu.android.http.ProgressHandler,com.qiniu.android.http.CompletionHandler) -> a
    void putChunk(java.lang.String,int,int,java.lang.String,com.qiniu.android.http.ProgressHandler,com.qiniu.android.http.CompletionHandler) -> a
    void makeFile(java.lang.String,com.qiniu.android.http.CompletionHandler) -> a
    void post(java.lang.String,byte[],int,int,com.qiniu.android.http.ProgressHandler,com.qiniu.android.http.CompletionHandler) -> a
    int calcPutSize(int) -> a
    int calcBlockSize(int) -> b
    boolean isCancelled() -> a
com.qiniu.android.storage.ResumeUploader$1 -> com.qiniu.android.storage.ResumeUploader$1:
    int val$retried -> a
    int val$offset -> b
    java.lang.String val$host -> c
    com.qiniu.android.storage.ResumeUploader this$0 -> d
    void <init>(com.qiniu.android.storage.ResumeUploader,int,int,java.lang.String) -> <init>
    void complete(com.qiniu.android.http.ResponseInfo,org.json.JSONObject) -> a
com.qiniu.android.storage.ResumeUploader$2 -> com.qiniu.android.storage.ResumeUploader$2:
    int val$offset -> a
    com.qiniu.android.storage.ResumeUploader this$0 -> b
    void <init>(com.qiniu.android.storage.ResumeUploader,int) -> <init>
    void onProgress(int,int) -> a
com.qiniu.android.storage.ResumeUploader$3 -> com.qiniu.android.storage.ResumeUploader$3:
    int val$offset -> a
    int val$retried -> b
    java.lang.String val$host -> c
    int val$chunkSize -> d
    com.qiniu.android.storage.ResumeUploader this$0 -> e
    void <init>(com.qiniu.android.storage.ResumeUploader,int,int,java.lang.String,int) -> <init>
    void complete(com.qiniu.android.http.ResponseInfo,org.json.JSONObject) -> a
com.qiniu.android.storage.UpCancellationSignal -> com.qiniu.android.storage.UpCancellationSignal:
    boolean isCancelled() -> a
com.qiniu.android.storage.UpCompletionHandler -> com.qiniu.android.storage.UpCompletionHandler:
    void complete(java.lang.String,com.qiniu.android.http.ResponseInfo,org.json.JSONObject) -> a
com.qiniu.android.storage.UpProgressHandler -> com.qiniu.android.storage.UpProgressHandler:
    void progress(java.lang.String,double) -> a